<?xml version="1.0" encoding="UTF-8"?>
<testsuite name="Cucumber" time="166.469" tests="6" skipped="0" failures="0" errors="0">
<testcase classname="Amazon Add to Cart Functionality" name="Search product and add to cart once" time="31.613">
<system-out><![CDATA[
Given I am on Amazon homepage...............................................passed
When I search for a product.................................................passed
And I click on the first non-sponsored product..............................passed
Then I should see the product title and price...............................passed
When I click on Add to Cart button..........................................passed
Then I should see "Added to cart" confirmation message......................passed
]]></system-out>
</testcase>
<testcase classname="Amazon Add to Cart Functionality" name="Add same product to cart twice and verify quantity increment" time="34.443">
<system-out><![CDATA[
Given I am on Amazon homepage...............................................passed
When I search for a product.................................................passed
And I click on the first non-sponsored product..............................passed
Then I should see the product title and price...............................passed
When I click on Add to Cart button..........................................passed
Then I should see "Added to cart" confirmation message......................passed
When I click on Add to Cart button again....................................passed
And I navigate to cart page.................................................passed
Then I should verify the product is not duplicated..........................passed
And I should verify the quantity is incremented to 2........................passed
And I should verify the subtotal equals price times quantity................passed
]]></system-out>
</testcase>
<testcase classname="Amazon Add to Cart Functionality" name="Search different products and add to cart - Example #1.1" time="25.273">
<system-out><![CDATA[
Given I am on Amazon homepage...............................................passed
When I search for "wireless mouse"..........................................passed
And I click on the first non-sponsored product..............................passed
Then I should see the product title and price...............................passed
When I click on Add to Cart button..........................................passed
Then I should see "Added to cart" confirmation message......................passed
]]></system-out>
</testcase>
<testcase classname="Amazon Add to Cart Functionality" name="Search different products and add to cart - Example #1.2" time="28.622">
<system-out><![CDATA[
Given I am on Amazon homepage...............................................passed
When I search for "laptop stand"............................................passed
And I click on the first non-sponsored product..............................passed
Then I should see the product title and price...............................passed
When I click on Add to Cart button..........................................passed
Then I should see "Added to cart" confirmation message......................passed
]]></system-out>
</testcase>
<testcase classname="Amazon Add to Cart Functionality" name="Search different products and add to cart - Example #1.3" time="23.358">
<system-out><![CDATA[
Given I am on Amazon homepage...............................................passed
When I search for "usb cable"...............................................passed
And I click on the first non-sponsored product..............................passed
Then I should see the product title and price...............................passed
When I click on Add to Cart button..........................................passed
Then I should see "Added to cart" confirmation message......................passed
]]></system-out>
</testcase>
<testcase classname="Amazon Add to Cart Functionality" name="Search different products and add to cart - Example #1.4" time="20.625">
<system-out><![CDATA[
Given I am on Amazon homepage...............................................passed
When I search for "bluetooth speaker".......................................passed
And I click on the first non-sponsored product..............................passed
Then I should see the product title and price...............................passed
When I click on Add to Cart button..........................................passed
Then I should see "Added to cart" confirmation message......................passed
]]></system-out>
</testcase>
</testsuite>
