<?xml version="1.0" encoding="UTF-8"?>
<testsuite name="Cucumber" time="132.19" tests="3" skipped="0" failures="1" errors="0">
<testcase classname="Amazon Add to Cart Functionality" name="Search product and add to cart once" time="129.727">
<system-out><![CDATA[
Given I am on Amazon homepage...............................................passed
When I search for a product.................................................passed
And I click on the first non-sponsored product..............................passed
Then I should see the product title and price...............................passed
When I click on Add to Cart button..........................................passed
Then I should see "Added to cart" confirmation message......................passed
]]></system-out>
</testcase>
<testcase classname="Amazon Add to Cart Functionality" name="Add same product to cart twice and verify quantity increment" time="80.162">
<system-out><![CDATA[
Given I am on Amazon homepage...............................................passed
When I search for a product.................................................passed
And I click on the first non-sponsored product..............................passed
Then I should see the product title and price...............................passed
When I click on Add to Cart button..........................................passed
Then I should see "Added to cart" confirmation message......................passed
When I click on Add to Cart button again....................................passed
And I navigate to cart page.................................................passed
Then I should verify the product is not duplicated..........................passed
And I should verify the quantity is incremented to 2........................passed
And I should verify the subtotal equals price times quantity................passed
]]></system-out>
</testcase>
<testcase classname="Amazon Add to Cart Functionality" name="Search different products and add to cart - Example #1.1" time="74.855">
<failure type="org.openqa.selenium.TimeoutException" message="Expected condition failed: waiting for pages.BasePage$$Lambda/0x000002e201583be8@50133db0 (tried for 50 second(s) with 500 milliseconds interval)
Build info: version: '4.38.0', revision: '6b412e825c*'
System info: os.name: 'Windows 11', os.arch: 'amd64', os.version: '10.0', java.version: '21.0.5'
Driver info: org.openqa.selenium.chrome.ChromeDriver
Capabilities {acceptInsecureCerts: false, browserName: chrome, browserVersion: 142.0.7444.135, chrome: {chromedriverVersion: 142.0.7444.162 (c076baf266c..., userDataDir: C:\Users\sreenu\AppData\Loc...}, fedcm:accounts: true, goog:chromeOptions: {debuggerAddress: localhost:59753}, goog:processID: 16456, networkConnectionEnabled: false, pageLoadStrategy: none, platformName: windows, proxy: Proxy(), se:cdp: ws://localhost:59753/devtoo..., se:cdpVersion: 142.0.7444.135, setWindowRect: true, strictFileInteractability: false, timeouts: {implicit: 0, pageLoad: 300000, script: 30000}, unhandledPromptBehavior: dismiss and notify, webauthn:extension:credBlob: true, webauthn:extension:largeBlob: true, webauthn:extension:minPinLength: true, webauthn:extension:prf: true, webauthn:virtualAuthenticators: true}
Session ID: f23d685952b8b4edd718edd20d81d381">
<![CDATA[org.openqa.selenium.TimeoutException: Expected condition failed: waiting for pages.BasePage$$Lambda/0x000002e201583be8@50133db0 (tried for 50 second(s) with 500 milliseconds interval)
Build info: version: '4.38.0', revision: '6b412e825c*'
System info: os.name: 'Windows 11', os.arch: 'amd64', os.version: '10.0', java.version: '21.0.5'
Driver info: org.openqa.selenium.chrome.ChromeDriver
Capabilities {acceptInsecureCerts: false, browserName: chrome, browserVersion: 142.0.7444.135, chrome: {chromedriverVersion: 142.0.7444.162 (c076baf266c..., userDataDir: C:\Users\sreenu\AppData\Loc...}, fedcm:accounts: true, goog:chromeOptions: {debuggerAddress: localhost:59753}, goog:processID: 16456, networkConnectionEnabled: false, pageLoadStrategy: none, platformName: windows, proxy: Proxy(), se:cdp: ws://localhost:59753/devtoo..., se:cdpVersion: 142.0.7444.135, setWindowRect: true, strictFileInteractability: false, timeouts: {implicit: 0, pageLoad: 300000, script: 30000}, unhandledPromptBehavior: dismiss and notify, webauthn:extension:credBlob: true, webauthn:extension:largeBlob: true, webauthn:extension:minPinLength: true, webauthn:extension:prf: true, webauthn:virtualAuthenticators: true}
Session ID: f23d685952b8b4edd718edd20d81d381
	at org.openqa.selenium.support.ui.WebDriverWait.timeoutException(WebDriverWait.java:84)
	at org.openqa.selenium.support.ui.FluentWait.until(FluentWait.java:228)
	at pages.BasePage.waitForPageLoad(BasePage.java:71)
	at pages.HomePage.handleContinueShopping(HomePage.java:52)
	at stepDefinitions.AmazonSteps.i_am_on_amazon_homepage(AmazonSteps.java:34)
	at ✽.I am on Amazon homepage(file:///D:/Myprojects/Amazon/src/test/resources/features/AmazonAddToCart.feature:8)
]]>
</failure>
<system-out><![CDATA[
Given I am on Amazon homepage...............................................failed
When I search for "wireless mouse"..........................................skipped
And I click on the first non-sponsored product..............................skipped
Then I should see the product title and price...............................skipped
When I click on Add to Cart button..........................................skipped
Then I should see "Added to cart" confirmation message......................skipped
]]></system-out>
</testcase>
</testsuite>
